Tue May 24 17:23:01 CEST 2016 : Server di rete Apache Derby: 10.11.1.2 - (1629631) avviato e pronto ad accettare connessioni sulla porta 1527
----------------------------------------------------------------
Tue May 24 17:23:02 CEST 2016:
Avvio della versione di Derby The Apache Software Foundation - Apache Derby - 10.11.1.2 - (1629631): istanza a816c00e-0154-e35c-9ab4-ffffd5801bc5
sulla directory di database C:\Users\rober\Documents\NetBeansProjects\AMM\AMM\web\WEB-INF\db\ammdb con caricatore classi sun.misc.Launcher$AppClassLoader@1d44bcfa 
Caricato da file:/C:/Program%20Files/Java/jdk1.8.0_74/db/lib/derby.jar
java.vendor=Oracle Corporation
java.runtime.version=1.8.0_74-b02
user.dir=C:\Program Files\Java\jdk1.8.0_74\db
os.name=Windows 10
os.arch=amd64
os.version=10.0
derby.system.home=C:\Users\rober\Documents\NetBeansProjects\AMM\AMM\web\WEB-INF\db
Programma di caricamento classe database avviato - derby.database.classpath=''
----------------------------------------------------------------
Tue May 24 17:23:22 CEST 2016:
Arresto dell'istanza a816c00e-0154-e35c-9ab4-ffffd5801bc5 nella directory del database C:\Users\rober\Documents\NetBeansProjects\AMM\AMM\web\WEB-INF\db\ammdb con il caricatore di classi sun.misc.Launcher$AppClassLoader@1d44bcfa 
Tue May 24 17:23:22 CEST 2016 Thread[DRDAConnThread_3,5,main] (DATABASE = ammdb), (DRDAID = {2}), Chiusura del database 'ammdb'.
----------------------------------------------------------------
Tue May 24 17:23:35 CEST 2016:
Avvio della versione di Derby The Apache Software Foundation - Apache Derby - 10.11.1.2 - (1629631): istanza a65c80ac-0154-e35c-9ab4-ffffd5801bc5
sulla directory di database C:\Users\rober\Documents\NetBeansProjects\AMM\AMM\web\WEB-INF\db\ammdb con caricatore classi sun.misc.Launcher$AppClassLoader@1d44bcfa 
Caricato da file:/C:/Program%20Files/Java/jdk1.8.0_74/db/lib/derby.jar
java.vendor=Oracle Corporation
java.runtime.version=1.8.0_74-b02
user.dir=C:\Program Files\Java\jdk1.8.0_74\db
os.name=Windows 10
os.arch=amd64
os.version=10.0
derby.system.home=C:\Users\rober\Documents\NetBeansProjects\AMM\AMM\web\WEB-INF\db
Programma di caricamento classe database avviato - derby.database.classpath=''
